<?xml version="1.0" encoding="UTF-8"?>
<!-- Generated by org.testng.reporters.JUnitReportReporter -->
<testsuite hostname="LAPTOP-T7NEOB34" failures="0" tests="1" name="com.Actitime.TestScripts.Create_Customer" time="19.304" errors="0" timestamp="2023-06-05T10:14:11 IST" skipped="0">
  <testcase classname="com.Actitime.TestScripts.Create_Customer" name="createCustomer" time="19.304"/>
  <system-out/>
</testsuite> <!-- com.Actitime.TestScripts.Create_Customer -->
